#
# A fatal error has been detected by the Java Runtime Environment:
#
#  SIGSEGV (0xb) at pc=0x00007f1f419f8d9c, pid=4797, tid=4797
#
# JRE version: Java(TM) SE Runtime Environment (17.0.1+12) (build 17.0.1+12-LTS-39)
# Java VM: Java HotSpot(TM) 64-Bit Server VM (17.0.1+12-LTS-39, mixed mode, sharing, tiered, compressed oops, compressed class ptrs, g1 gc, linux-amd64)
# Problematic frame:
# V  [libjvm.so+0xcb8d9c]  SR_handler(int, siginfo*, ucontext*)+0x9c
#
# Core dump will be written. Default location: Core dumps may be processed with "/usr/share/apport/apport -p%p -s%s -c%c -d%d -P%P -u%u -g%g -- %E" (or dumping to /home/yossimal/scc/SafesOnline/server/core.4797)
#
# If you would like to submit a bug report, please visit:
#   https://bugreport.java.com/bugreport/crash.jsp
#

---------------  S U M M A R Y ------------

Command Line: il.co.codeguru.corewars8086.CoreWarsEngine /home/yossimal/scc/SafesOnline/server/codes/compiled_safes/sJGaMcHGLLILHDbEaMIFabEaG /home/yossimal/scc/SafesOnline/server/codes/compiled_keys/kJGaMcKIGLILHDbEaMIFacDDI

Host: Intel(R) Xeon(R) Platinum 8272CL CPU @ 2.60GHz, 2 cores, 7G, Ubuntu 20.04.5 LTS
Time: Mon Dec 26 16:21:52 2022 UTC elapsed time: 2.129187 seconds (0d 0h 0m 2s)

---------------  T H R E A D  ---------------

Current thread is native thread

Stack: [0x00007ffce585b000,0x00007ffce6058000],  sp=0x00007ffce60525b0,  free space=8157k
Native frames: (J=compiled Java code, j=interpreted, Vv=VM code, C=native code)
V  [libjvm.so+0xcb8d9c]  SR_handler(int, siginfo*, ucontext*)+0x9c
C  [libpthread.so.0+0x14420]


siginfo: si_signo: 11 (SIGSEGV), si_code: 1 (SEGV_MAPERR), si_addr: 0x0000000000000260

Registers:
RAX=0x0000000000000000, RBX=0x00007ffce60525c0, RCX=0x0000000000000000, RDX=0x00007f1f41faa280
RSP=0x00007ffce60525b0, RBP=0x00007ffce6052670, RSI=0x00007ffce60525c0, RDI=0x0000000000000001
R8 =0x0000000000000000, R9 =0x00007f1f40be6700, R10=0x0000000000000008, R11=0x0000000000000246
R12=0x00007f1f41faa200, R13=0x00007ffce60527b0, R14=0x0000000000100000, R15=0x0000000000000000
RIP=0x00007f1f419f8d9c, EFLAGS=0x0000000000010246, CSGSFS=0x002b000000000033, ERR=0x0000000000000004
  TRAPNO=0x000000000000000e

Top of Stack: (sp=0x00007ffce60525b0)
0x00007ffce60525b0:   0000000000000000 00007ffce6052680
0x00007ffce60525c0:   00000000000004d8 0000000000000000
0x00007ffce60525d0:   0000000000000000 0000000000000000
0x00007ffce60525e0:   0000000000000000 0000000000000000 

Instructions: (pc=0x00007f1f419f8d9c)
0x00007f1f419f8c9c:   ff 83 fb 02 74 4e 48 83 3d 9e 97 58 00 00 74 34
0x00007f1f419f8cac:   48 8d 05 8d 96 58 00 48 8d 14 98 b8 01 00 00 00
0x00007f1f419f8cbc:   f0 0f c1 02 48 8b 3d 81 97 58 00 48 83 ec 80 be
0x00007f1f419f8ccc:   01 00 00 00 5b 41 5c 5d e9 17 19 fe ff 0f 1f 80
0x00007f1f419f8cdc:   00 00 00 00 48 83 ec 80 5b 41 5c 5d c3 0f 1f 80
0x00007f1f419f8cec:   00 00 00 00 e8 6b ea 14 00 84 c0 74 a9 e8 9e d9
0x00007f1f419f8cfc:   58 ff eb a2 55 48 89 e5 41 57 41 56 41 55 49 89
0x00007f1f419f8d0c:   f5 41 54 53 48 8d 9d 50 ff ff ff 48 81 ec 98 00
0x00007f1f419f8d1c:   00 00 48 89 95 48 ff ff ff e8 96 c6 58 ff 48 89
0x00007f1f419f8d2c:   df 44 8b 38 49 89 c4 e8 88 cb 58 ff be 04 00 00
0x00007f1f419f8d3c:   00 48 89 df e8 cb d3 58 ff be 07 00 00 00 48 89
0x00007f1f419f8d4c:   df e8 be d3 58 ff be 08 00 00 00 48 89 df e8 b1
0x00007f1f419f8d5c:   d3 58 ff be 0b 00 00 00 48 89 df e8 a4 d3 58 ff
0x00007f1f419f8d6c:   be 05 00 00 00 48 89 df e8 97 d3 58 ff 31 d2 48
0x00007f1f419f8d7c:   89 de bf 01 00 00 00 e8 68 cc 58 ff e8 03 fe 0d
0x00007f1f419f8d8c:   00 41 89 c0 31 c0 45 84 c0 74 05 e8 04 fe 0d 00
0x00007f1f419f8d9c:   48 8b 90 60 02 00 00 48 85 d2 74 17 4c 8b b0 28
0x00007f1f419f8dac:   02 00 00 41 8b 86 a0 00 00 00 83 f8 01 74 1d 45
0x00007f1f419f8dbc:   89 3c 24 48 81 c4 98 00 00 00 5b 41 5c 41 5d 41
0x00007f1f419f8dcc:   5e 41 5f 5d c3 0f 1f 80 00 00 00 00 66 49 0f 6e
0x00007f1f419f8ddc:   c5 ba 02 00 00 00 be 01 00 00 00 0f 16 85 48 ff
0x00007f1f419f8dec:   ff ff 4d 8d ae a0 00 00 00 41 0f 11 86 a8 00 00
0x00007f1f419f8dfc:   00 4c 89 ef e8 0b 64 f2 ff 83 f8 02 74 3e 85 c0
0x00007f1f419f8e0c:   75 12 66 0f ef c0 41 0f 11 86 a8 00 00 00 eb 9f
0x00007f1f419f8e1c:   0f 1f 40 00 48 8d 05 e1 74 52 00 be 5d 06 00 00
0x00007f1f419f8e2c:   48 8d 3d 2d ff 25 00 48 8b 00 c6 00 58 e8 52 d4
0x00007f1f419f8e3c:   91 ff e8 fd 9b f2 ff eb c9 0f 1f 00 48 89 df e8
0x00007f1f419f8e4c:   70 ca 58 ff 48 89 da 31 f6 31 ff e8 94 cb 58 ff
0x00007f1f419f8e5c:   8b 35 86 bb 53 00 48 89 df e8 d6 d2 58 ff be 01
0x00007f1f419f8e6c:   00 00 00 48 8d 3d ea 95 58 00 e8 75 17 fe ff eb
0x00007f1f419f8e7c:   08 0f 1f 00 83 f8 02 75 3b 48 89 df e8 c3 d2 58
0x00007f1f419f8e8c:   ff 31 d2 be 03 00 00 00 4c 89 ef e8 74 63 f2 ff 



---------------  P R O C E S S  ---------------

VM state: not at safepoint (normal execution)

VM Mutex/Monitor currently owned by a thread: None

Heap address: 0x0000000083c00000, size: 1988 MB, Compressed Oops mode: 32-bit

CDS archive(s) mapped at: [0x0000000800000000-0x0000000800bdf000-0x0000000800bdf000), size 12447744, SharedBaseAddress: 0x0000000800000000, ArchiveRelocationMode: 0.
Compressed class space mapped at: 0x0000000800c00000-0x0000000840c00000, reserved size: 1073741824
Narrow klass base: 0x0000000800000000, Narrow klass shift: 0, Narrow klass range: 0x100000000

GC Precious Log:
<Skipped>

Heap:
 garbage-first heap   total 189440K, used 15289K [0x0000000083c00000, 0x0000000100000000)
  region size 1024K, 13 young (13312K), 1 survivors (1024K)
 Metaspace       used 1137K, committed 1280K, reserved 1056768K
  class space    used 92K, committed 192K, reserved 1048576K

Heap Regions: E=young(eden), S=young(survivor), O=old, HS=humongous(starts), HC=humongous(continues), CS=collection set, F=free, OA=open archive, CA=closed archive, TAMS=top-at-mark-start (previous, next)
|   0|0x0000000083c00000, 0x0000000083c00000, 0x0000000083d00000|  0%| F|  |TAMS 0x0000000083c00000, 0x0000000083c00000| Untracked 
|   1|0x0000000083d00000, 0x0000000083d00000, 0x0000000083e00000|  0%| F|  |TAMS 0x0000000083d00000, 0x0000000083d00000| Untracked 
|   2|0x0000000083e00000, 0x0000000083e00000, 0x0000000083f00000|  0%| F|  |TAMS 0x0000000083e00000, 0x0000000083e00000| Untracked 
|   3|0x0000000083f00000, 0x0000000083f00000, 0x0000000084000000|  0%| F|  |TAMS 0x0000000083f00000, 0x0000000083f00000| Untracked 
|   4|0x0000000084000000, 0x0000000084000000, 0x0000000084100000|  0%| F|  |TAMS 0x0000000084000000, 0x0000000084000000| Untracked 
|   5|0x0000000084100000, 0x0000000084100000, 0x0000000084200000|  0%| F|  |TAMS 0x0000000084100000, 0x0000000084100000| Untracked 
|   6|0x0000000084200000, 0x0000000084200000, 0x0000000084300000|  0%| F|  |TAMS 0x0000000084200000, 0x0000000084200000| Untracked 
|   7|0x0000000084300000, 0x0000000084300000, 0x0000000084400000|  0%| F|  |TAMS 0x0000000084300000, 0x0000000084300000| Untracked 
|   8|0x0000000084400000, 0x0000000084400000, 0x0000000084500000|  0%| F|  |TAMS 0x0000000084400000, 0x0000000084400000| Untracked 
|   9|0x0000000084500000, 0x0000000084500000, 0x0000000084600000|  0%| F|  |TAMS 0x0000000084500000, 0x0000000084500000| Untracked 
|  10|0x0000000084600000, 0x0000000084600000, 0x0000000084700000|  0%| F|  |TAMS 0x0000000084600000, 0x0000000084600000| Untracked 
|  11|0x0000000084700000, 0x0000000084700000, 0x0000000084800000|  0%| F|  |TAMS 0x0000000084700000, 0x0000000084700000| Untracked 
|  12|0x0000000084800000, 0x0000000084800000, 0x0000000084900000|  0%| F|  |TAMS 0x0000000084800000, 0x0000000084800000| Untracked 
|  13|0x0000000084900000, 0x0000000084900000, 0x0000000084a00000|  0%| F|  |TAMS 0x0000000084900000, 0x0000000084900000| Untracked 
|  14|0x0000000084a00000, 0x0000000084b00000, 0x0000000084b00000|100%|HS|  |TAMS 0x0000000084a00000, 0x0000000084a00000| Complete 
|  15|0x0000000084b00000, 0x0000000084c00000, 0x0000000084c00000|100%|HC|  |TAMS 0x0000000084b00000, 0x0000000084b00000| Complete 
|  16|0x0000000084c00000, 0x0000000084c73400, 0x0000000084d00000| 45%| O|  |TAMS 0x0000000084c00000, 0x0000000084c00000| Untracked 
|  17|0x0000000084d00000, 0x0000000084d00000, 0x0000000084e00000|  0%| F|  |TAMS 0x0000000084d00000, 0x0000000084d00000| Untracked 
|  18|0x0000000084e00000, 0x0000000084e00000, 0x0000000084f00000|  0%| F|  |TAMS 0x0000000084e00000, 0x0000000084e00000| Untracked 
|  19|0x0000000084f00000, 0x0000000084f00000, 0x0000000085000000|  0%| F|  |TAMS 0x0000000084f00000, 0x0000000084f00000| Untracked 
|  20|0x0000000085000000, 0x0000000085000000, 0x0000000085100000|  0%| F|  |TAMS 0x0000000085000000, 0x0000000085000000| Untracked 
|  21|0x0000000085100000, 0x0000000085100000, 0x0000000085200000|  0%| F|  |TAMS 0x0000000085100000, 0x0000000085100000| Untracked 
|  22|0x0000000085200000, 0x0000000085200000, 0x0000000085300000|  0%| F|  |TAMS 0x0000000085200000, 0x0000000085200000| Untracked 
|  23|0x0000000085300000, 0x0000000085300000, 0x0000000085400000|  0%| F|  |TAMS 0x0000000085300000, 0x0000000085300000| Untracked 
|  24|0x0000000085400000, 0x0000000085400000, 0x0000000085500000|  0%| F|  |TAMS 0x0000000085400000, 0x0000000085400000| Untracked 
|  25|0x0000000085500000, 0x0000000085500000, 0x0000000085600000|  0%| F|  |TAMS 0x0000000085500000, 0x0000000085500000| Untracked 
|  26|0x0000000085600000, 0x0000000085600000, 0x0000000085700000|  0%| F|  |TAMS 0x0000000085600000, 0x0000000085600000| Untracked 
|  27|0x0000000085700000, 0x0000000085700000, 0x0000000085800000|  0%| F|  |TAMS 0x0000000085700000, 0x0000000085700000| Untracked 
|  28|0x0000000085800000, 0x0000000085800000, 0x0000000085900000|  0%| F|  |TAMS 0x0000000085800000, 0x0000000085800000| Untracked 
|  29|0x0000000085900000, 0x0000000085900000, 0x0000000085a00000|  0%| F|  |TAMS 0x0000000085900000, 0x0000000085900000| Untracked 
|  30|0x0000000085a00000, 0x0000000085a00000, 0x0000000085b00000|  0%| F|  |TAMS 0x0000000085a00000, 0x0000000085a00000| Untracked 
|  31|0x0000000085b00000, 0x0000000085b00000, 0x0000000085c00000|  0%| F|  |TAMS 0x0000000085b00000, 0x0000000085b00000| Untracked 
|  32|0x0000000085c00000, 0x0000000085c00000, 0x0000000085d00000|  0%| F|  |TAMS 0x0000000085c00000, 0x0000000085c00000| Untracked 
|  33|0x0000000085d00000, 0x0000000085d00000, 0x0000000085e00000|  0%| F|  |TAMS 0x0000000085d00000, 0x0000000085d00000| Untracked 
|  34|0x0000000085e00000, 0x0000000085e00000, 0x0000000085f00000|  0%| F|  |TAMS 0x0000000085e00000, 0x0000000085e00000| Untracked 
|  35|0x0000000085f00000, 0x0000000085f00000, 0x0000000086000000|  0%| F|  |TAMS 0x0000000085f00000, 0x0000000085f00000| Untracked 
|  36|0x0000000086000000, 0x0000000086000000, 0x0000000086100000|  0%| F|  |TAMS 0x0000000086000000, 0x0000000086000000| Untracked 
|  37|0x0000000086100000, 0x0000000086100000, 0x0000000086200000|  0%| F|  |TAMS 0x0000000086100000, 0x0000000086100000| Untracked 
|  38|0x0000000086200000, 0x0000000086200000, 0x0000000086300000|  0%| F|  |TAMS 0x0000000086200000, 0x0000000086200000| Untracked 
|  39|0x0000000086300000, 0x0000000086300000, 0x0000000086400000|  0%| F|  |TAMS 0x0000000086300000, 0x0000000086300000| Untracked 
|  40|0x0000000086400000, 0x0000000086400000, 0x0000000086500000|  0%| F|  |TAMS 0x0000000086400000, 0x0000000086400000| Untracked 
|  41|0x0000000086500000, 0x0000000086500000, 0x0000000086600000|  0%| F|  |TAMS 0x0000000086500000, 0x0000000086500000| Untracked 
|  42|0x0000000086600000, 0x0000000086600000, 0x0000000086700000|  0%| F|  |TAMS 0x0000000086600000, 0x0000000086600000| Untracked 
|  43|0x0000000086700000, 0x0000000086700000, 0x0000000086800000|  0%| F|  |TAMS 0x0000000086700000, 0x0000000086700000| Untracked 
|  44|0x0000000086800000, 0x0000000086800000, 0x0000000086900000|  0%| F|  |TAMS 0x0000000086800000, 0x0000000086800000| Untracked 
|  45|0x0000000086900000, 0x0000000086900000, 0x0000000086a00000|  0%| F|  |TAMS 0x0000000086900000, 0x0000000086900000| Untracked 
|  46|0x0000000086a00000, 0x0000000086a00000, 0x0000000086b00000|  0%| F|  |TAMS 0x0000000086a00000, 0x0000000086a00000| Untracked 
|  47|0x0000000086b00000, 0x0000000086b00000, 0x0000000086c00000|  0%| F|  |TAMS 0x0000000086b00000, 0x0000000086b00000| Untracked 
|  48|0x0000000086c00000, 0x0000000086c00000, 0x0000000086d00000|  0%| F|  |TAMS 0x0000000086c00000, 0x0000000086c00000| Untracked 
|  49|0x0000000086d00000, 0x0000000086d00000, 0x0000000086e00000|  0%| F|  |TAMS 0x0000000086d00000, 0x0000000086d00000| Untracked 
|  50|0x0000000086e00000, 0x0000000086e00000, 0x0000000086f00000|  0%| F|  |TAMS 0x0000000086e00000, 0x0000000086e00000| Untracked 
|  51|0x0000000086f00000, 0x0000000086f00000, 0x0000000087000000|  0%| F|  |TAMS 0x0000000086f00000, 0x0000000086f00000| Untracked 
|  52|0x0000000087000000, 0x0000000087000000, 0x0000000087100000|  0%| F|  |TAMS 0x0000000087000000, 0x0000000087000000| Untracked 
|  53|0x0000000087100000, 0x0000000087100000, 0x0000000087200000|  0%| F|  |TAMS 0x0000000087100000, 0x0000000087100000| Untracked 
|  54|0x0000000087200000, 0x0000000087200000, 0x0000000087300000|  0%| F|  |TAMS 0x0000000087200000, 0x0000000087200000| Untracked 
|  55|0x0000000087300000, 0x0000000087300000, 0x0000000087400000|  0%| F|  |TAMS 0x0000000087300000, 0x0000000087300000| Untracked 
|  56|0x0000000087400000, 0x0000000087400000, 0x0000000087500000|  0%| F|  |TAMS 0x0000000087400000, 0x0000000087400000| Untracked 
|  57|0x0000000087500000, 0x0000000087500000, 0x0000000087600000|  0%| F|  |TAMS 0x0000000087500000, 0x0000000087500000| Untracked 
|  58|0x0000000087600000, 0x0000000087600000, 0x0000000087700000|  0%| F|  |TAMS 0x0000000087600000, 0x0000000087600000| Untracked 
|  59|0x0000000087700000, 0x0000000087700000, 0x0000000087800000|  0%| F|  |TAMS 0x0000000087700000, 0x0000000087700000| Untracked 
|  60|0x0000000087800000, 0x0000000087800000, 0x0000000087900000|  0%| F|  |TAMS 0x0000000087800000, 0x0000000087800000| Untracked 
|  61|0x0000000087900000, 0x0000000087900000, 0x0000000087a00000|  0%| F|  |TAMS 0x0000000087900000, 0x0000000087900000| Untracked 
|  62|0x0000000087a00000, 0x0000000087a00000, 0x0000000087b00000|  0%| F|  |TAMS 0x0000000087a00000, 0x0000000087a00000| Untracked 
|  63|0x0000000087b00000, 0x0000000087b00000, 0x0000000087c00000|  0%| F|  |TAMS 0x0000000087b00000, 0x0000000087b00000| Untracked 
|  64|0x0000000087c00000, 0x0000000087c00000, 0x0000000087d00000|  0%| F|  |TAMS 0x0000000087c00000, 0x0000000087c00000| Untracked 
|  65|0x0000000087d00000, 0x0000000087d00000, 0x0000000087e00000|  0%| F|  |TAMS 0x0000000087d00000, 0x0000000087d00000| Untracked 
|  66|0x0000000087e00000, 0x0000000087e00000, 0x0000000087f00000|  0%| F|  |TAMS 0x0000000087e00000, 0x0000000087e00000| Untracked 
|  67|0x0000000087f00000, 0x0000000087f00000, 0x0000000088000000|  0%| F|  |TAMS 0x0000000087f00000, 0x0000000087f00000| Untracked 
|  68|0x0000000088000000, 0x0000000088000000, 0x0000000088100000|  0%| F|  |TAMS 0x0000000088000000, 0x0000000088000000| Untracked 
|  69|0x0000000088100000, 0x0000000088100000, 0x0000000088200000|  0%| F|  |TAMS 0x0000000088100000, 0x0000000088100000| Untracked 
|  70|0x0000000088200000, 0x0000000088200000, 0x0000000088300000|  0%| F|  |TAMS 0x0000000088200000, 0x0000000088200000| Untracked 
|  71|0x0000000088300000, 0x0000000088300000, 0x0000000088400000|  0%| F|  |TAMS 0x0000000088300000, 0x0000000088300000| Untracked 
|  72|0x0000000088400000, 0x0000000088401a20, 0x0000000088500000|  0%| S|CS|TAMS 0x0000000088400000, 0x0000000088400000| Complete 
|  73|0x0000000088500000, 0x0000000088500000, 0x0000000088600000|  0%| F|  |TAMS 0x0000000088500000, 0x0000000088500000| Untracked 
|  74|0x0000000088600000, 0x0000000088600000, 0x0000000088700000|  0%| F|  |TAMS 0x0000000088600000, 0x0000000088600000| Untracked 
|  75|0x0000000088700000, 0x0000000088700000, 0x0000000088800000|  0%| F|  |TAMS 0x0000000088700000, 0x0000000088700000| Untracked 
|  76|0x0000000088800000, 0x0000000088800000, 0x0000000088900000|  0%| F|  |TAMS 0x0000000088800000, 0x0000000088800000| Untracked 
|  77|0x0000000088900000, 0x0000000088900000, 0x0000000088a00000|  0%| F|  |TAMS 0x0000000088900000, 0x0000000088900000| Untracked 
|  78|0x0000000088a00000, 0x0000000088a00000, 0x0000000088b00000|  0%| F|  |TAMS 0x0000000088a00000, 0x0000000088a00000| Untracked 
|  79|0x0000000088b00000, 0x0000000088b00000, 0x0000000088c00000|  0%| F|  |TAMS 0x0000000088b00000, 0x0000000088b00000| Untracked 
|  80|0x0000000088c00000, 0x0000000088c00000, 0x0000000088d00000|  0%| F|  |TAMS 0x0000000088c00000, 0x0000000088c00000| Untracked 
|  81|0x0000000088d00000, 0x0000000088d00000, 0x0000000088e00000|  0%| F|  |TAMS 0x0000000088d00000, 0x0000000088d00000| Untracked 
|  82|0x0000000088e00000, 0x0000000088e00000, 0x0000000088f00000|  0%| F|  |TAMS 0x0000000088e00000, 0x0000000088e00000| Untracked 
|  83|0x0000000088f00000, 0x0000000088f00000, 0x0000000089000000|  0%| F|  |TAMS 0x0000000088f00000, 0x0000000088f00000| Untracked 
|  84|0x0000000089000000, 0x0000000089000000, 0x0000000089100000|  0%| F|  |TAMS 0x0000000089000000, 0x0000000089000000| Untracked 
|  85|0x0000000089100000, 0x0000000089100000, 0x0000000089200000|  0%| F|  |TAMS 0x0000000089100000, 0x0000000089100000| Untracked 
|  86|0x0000000089200000, 0x0000000089200000, 0x0000000089300000|  0%| F|  |TAMS 0x0000000089200000, 0x0000000089200000| Untracked 
|  87|0x0000000089300000, 0x0000000089300000, 0x0000000089400000|  0%| F|  |TAMS 0x0000000089300000, 0x0000000089300000| Untracked 
|  88|0x0000000089400000, 0x0000000089400000, 0x0000000089500000|  0%| F|  |TAMS 0x0000000089400000, 0x0000000089400000| Untracked 
|  89|0x0000000089500000, 0x0000000089500000, 0x0000000089600000|  0%| F|  |TAMS 0x0000000089500000, 0x0000000089500000| Untracked 
|  90|0x0000000089600000, 0x0000000089600000, 0x0000000089700000|  0%| F|  |TAMS 0x0000000089600000, 0x0000000089600000| Untracked 
|  91|0x0000000089700000, 0x0000000089700000, 0x0000000089800000|  0%| F|  |TAMS 0x0000000089700000, 0x0000000089700000| Untracked 
|  92|0x0000000089800000, 0x0000000089800000, 0x0000000089900000|  0%| F|  |TAMS 0x0000000089800000, 0x0000000089800000| Untracked 
|  93|0x0000000089900000, 0x0000000089900000, 0x0000000089a00000|  0%| F|  |TAMS 0x0000000089900000, 0x0000000089900000| Untracked 
|  94|0x0000000089a00000, 0x0000000089a00000, 0x0000000089b00000|  0%| F|  |TAMS 0x0000000089a00000, 0x0000000089a00000| Untracked 
|  95|0x0000000089b00000, 0x0000000089b00000, 0x0000000089c00000|  0%| F|  |TAMS 0x0000000089b00000, 0x0000000089b00000| Untracked 
|  96|0x0000000089c00000, 0x0000000089c00000, 0x0000000089d00000|  0%| F|  |TAMS 0x0000000089c00000, 0x0000000089c00000| Untracked 
|  97|0x0000000089d00000, 0x0000000089d00000, 0x0000000089e00000|  0%| F|  |TAMS 0x0000000089d00000, 0x0000000089d00000| Untracked 
|  98|0x0000000089e00000, 0x0000000089e00000, 0x0000000089f00000|  0%| F|  |TAMS 0x0000000089e00000, 0x0000000089e00000| Untracked 
|  99|0x0000000089f00000, 0x0000000089f00000, 0x000000008a000000|  0%| F|  |TAMS 0x0000000089f00000, 0x0000000089f00000| Untracked 
| 100|0x000000008a000000, 0x000000008a000000, 0x000000008a100000|  0%| F|  |TAMS 0x000000008a000000, 0x000000008a000000| Untracked 
| 101|0x000000008a100000, 0x000000008a100000, 0x000000008a200000|  0%| F|  |TAMS 0x000000008a100000, 0x000000008a100000| Untracked 
| 102|0x000000008a200000, 0x000000008a200000, 0x000000008a300000|  0%| F|  |TAMS 0x000000008a200000, 0x000000008a200000| Untracked 
| 103|0x000000008a300000, 0x000000008a300000, 0x000000008a400000|  0%| F|  |TAMS 0x000000008a300000, 0x000000008a300000| Untracked 
| 104|0x000000008a400000, 0x000000008a400000, 0x000000008a500000|  0%| F|  |TAMS 0x000000008a400000, 0x000000008a400000| Untracked 
| 105|0x000000008a500000, 0x000000008a500000, 0x000000008a600000|  0%| F|  |TAMS 0x000000008a500000, 0x000000008a500000| Untracked 
| 106|0x000000008a600000, 0x000000008a600000, 0x000000008a700000|  0%| F|  |TAMS 0x000000008a600000, 0x000000008a600000| Untracked 
| 107|0x000000008a700000, 0x000000008a700000, 0x000000008a800000|  0%| F|  |TAMS 0x000000008a700000, 0x000000008a700000| Untracked 
| 108|0x000000008a800000, 0x000000008a800000, 0x000000008a900000|  0%| F|  |TAMS 0x000000008a800000, 0x000000008a800000| Untracked 
| 109|0x000000008a900000, 0x000000008a900000, 0x000000008aa00000|  0%| F|  |TAMS 0x000000008a900000, 0x000000008a900000| Untracked 
| 110|0x000000008aa00000, 0x000000008aa00000, 0x000000008ab00000|  0%| F|  |TAMS 0x000000008aa00000, 0x000000008aa00000| Untracked 
| 111|0x000000008ab00000, 0x000000008ab00000, 0x000000008ac00000|  0%| F|  |TAMS 0x000000008ab00000, 0x000000008ab00000| Untracked 
| 112|0x000000008ac00000, 0x000000008ac00000, 0x000000008ad00000|  0%| F|  |TAMS 0x000000008ac00000, 0x000000008ac00000| Untracked 
| 113|0x000000008ad00000, 0x000000008ad00000, 0x000000008ae00000|  0%| F|  |TAMS 0x000000008ad00000, 0x000000008ad00000| Untracked 
| 114|0x000000008ae00000, 0x000000008ae00000, 0x000000008af00000|  0%| F|  |TAMS 0x000000008ae00000, 0x000000008ae00000| Untracked 
| 115|0x000000008af00000, 0x000000008af00000, 0x000000008b000000|  0%| F|  |TAMS 0x000000008af00000, 0x000000008af00000| Untracked 
| 116|0x000000008b000000, 0x000000008b000000, 0x000000008b100000|  0%| F|  |TAMS 0x000000008b000000, 0x000000008b000000| Untracked 
| 117|0x000000008b100000, 0x000000008b100000, 0x000000008b200000|  0%| F|  |TAMS 0x000000008b100000, 0x000000008b100000| Untracked 
| 118|0x000000008b200000, 0x000000008b200000, 0x000000008b300000|  0%| F|  |TAMS 0x000000008b200000, 0x000000008b200000| Untracked 
| 119|0x000000008b300000, 0x000000008b300000, 0x000000008b400000|  0%| F|  |TAMS 0x000000008b300000, 0x000000008b300000| Untracked 
| 120|0x000000008b400000, 0x000000008b400000, 0x000000008b500000|  0%| F|  |TAMS 0x000000008b400000, 0x000000008b400000| Untracked 
| 121|0x000000008b500000, 0x000000008b500000, 0x000000008b600000|  0%| F|  |TAMS 0x000000008b500000, 0x000000008b500000| Untracked 
| 122|0x000000008b600000, 0x000000008b600000, 0x000000008b700000|  0%| F|  |TAMS 0x000000008b600000, 0x000000008b600000| Untracked 
| 123|0x000000008b700000, 0x000000008b700000, 0x000000008b800000|  0%| F|  |TAMS 0x000000008b700000, 0x000000008b700000| Untracked 
| 124|0x000000008b800000, 0x000000008b800000, 0x000000008b900000|  0%| F|  |TAMS 0x000000008b800000, 0x000000008b800000| Untracked 
| 125|0x000000008b900000, 0x000000008b900000, 0x000000008ba00000|  0%| F|  |TAMS 0x000000008b900000, 0x000000008b900000| Untracked 
| 126|0x000000008ba00000, 0x000000008ba00000, 0x000000008bb00000|  0%| F|  |TAMS 0x000000008ba00000, 0x000000008ba00000| Untracked 
| 127|0x000000008bb00000, 0x000000008bb00000, 0x000000008bc00000|  0%| F|  |TAMS 0x000000008bb00000, 0x000000008bb00000| Untracked 
| 128|0x000000008bc00000, 0x000000008bc00000, 0x000000008bd00000|  0%| F|  |TAMS 0x000000008bc00000, 0x000000008bc00000| Untracked 
| 129|0x000000008bd00000, 0x000000008bd00000, 0x000000008be00000|  0%| F|  |TAMS 0x000000008bd00000, 0x000000008bd00000| Untracked 
| 130|0x000000008be00000, 0x000000008be00000, 0x000000008bf00000|  0%| F|  |TAMS 0x000000008be00000, 0x000000008be00000| Untracked 
| 131|0x000000008bf00000, 0x000000008bf00000, 0x000000008c000000|  0%| F|  |TAMS 0x000000008bf00000, 0x000000008bf00000| Untracked 
| 132|0x000000008c000000, 0x000000008c000000, 0x000000008c100000|  0%| F|  |TAMS 0x000000008c000000, 0x000000008c000000| Untracked 
| 133|0x000000008c100000, 0x000000008c100000, 0x000000008c200000|  0%| F|  |TAMS 0x000000008c100000, 0x000000008c100000| Untracked 
| 134|0x000000008c200000, 0x000000008c200000, 0x000000008c300000|  0%| F|  |TAMS 0x000000008c200000, 0x000000008c200000| Untracked 
| 135|0x000000008c300000, 0x000000008c300000, 0x000000008c400000|  0%| F|  |TAMS 0x000000008c300000, 0x000000008c300000| Untracked 
| 136|0x000000008c400000, 0x000000008c400000, 0x000000008c500000|  0%| F|  |TAMS 0x000000008c400000, 0x000000008c400000| Untracked 
| 137|0x000000008c500000, 0x000000008c500000, 0x000000008c600000|  0%| F|  |TAMS 0x000000008c500000, 0x000000008c500000| Untracked 
| 138|0x000000008c600000, 0x000000008c600000, 0x000000008c700000|  0%| F|  |TAMS 0x000000008c600000, 0x000000008c600000| Untracked 
| 139|0x000000008c700000, 0x000000008c700000, 0x000000008c800000|  0%| F|  |TAMS 0x000000008c700000, 0x000000008c700000| Untracked 
| 140|0x000000008c800000, 0x000000008c800000, 0x000000008c900000|  0%| F|  |TAMS 0x000000008c800000, 0x000000008c800000| Untracked 
| 141|0x000000008c900000, 0x000000008c900000, 0x000000008ca00000|  0%| F|  |TAMS 0x000000008c900000, 0x000000008c900000| Untracked 
| 142|0x000000008ca00000, 0x000000008ca00000, 0x000000008cb00000|  0%| F|  |TAMS 0x000000008ca00000, 0x000000008ca00000| Untracked 
| 143|0x000000008cb00000, 0x000000008cb00000, 0x000000008cc00000|  0%| F|  |TAMS 0x000000008cb00000, 0x000000008cb00000| Untracked 
| 144|0x000000008cc00000, 0x000000008cc00000, 0x000000008cd00000|  0%| F|  |TAMS 0x000000008cc00000, 0x000000008cc00000| Untracked 
| 145|0x000000008cd00000, 0x000000008cd00000, 0x000000008ce00000|  0%| F|  |TAMS 0x000000008cd00000, 0x000000008cd00000| Untracked 
| 146|0x000000008ce00000, 0x000000008ce00000, 0x000000008cf00000|  0%| F|  |TAMS 0x000000008ce00000, 0x000000008ce00000| Untracked 
| 147|0x000000008cf00000, 0x000000008cf00000, 0x000000008d000000|  0%| F|  |TAMS 0x000000008cf00000, 0x000000008cf00000| Untracked 
| 148|0x000000008d000000, 0x000000008d000000, 0x000000008d100000|  0%| F|  |TAMS 0x000000008d000000, 0x000000008d000000| Untracked 
| 149|0x000000008d100000, 0x000000008d100000, 0x000000008d200000|  0%| F|  |TAMS 0x000000008d100000, 0x000000008d100000| Untracked 
| 150|0x000000008d200000, 0x000000008d200000, 0x000000008d300000|  0%| F|  |TAMS 0x000000008d200000, 0x000000008d200000| Untracked 
| 151|0x000000008d300000, 0x000000008d300000, 0x000000008d400000|  0%| F|  |TAMS 0x000000008d300000, 0x000000008d300000| Untracked 
| 152|0x000000008d400000, 0x000000008d400000, 0x000000008d500000|  0%| F|  |TAMS 0x000000008d400000, 0x000000008d400000| Untracked 
| 153|0x000000008d500000, 0x000000008d500000, 0x000000008d600000|  0%| F|  |TAMS 0x000000008d500000, 0x000000008d500000| Untracked 
| 154|0x000000008d600000, 0x000000008d600000, 0x000000008d700000|  0%| F|  |TAMS 0x000000008d600000, 0x000000008d600000| Untracked 
| 155|0x000000008d700000, 0x000000008d700000, 0x000000008d800000|  0%| F|  |TAMS 0x000000008d700000, 0x000000008d700000| Untracked 
| 156|0x000000008d800000, 0x000000008d800000, 0x000000008d900000|  0%| F|  |TAMS 0x000000008d800000, 0x000000008d800000| Untracked 
| 157|0x000000008d900000, 0x000000008d900000, 0x000000008da00000|  0%| F|  |TAMS 0x000000008d900000, 0x000000008d900000| Untracked 
| 158|0x000000008da00000, 0x000000008da00000, 0x000000008db00000|  0%| F|  |TAMS 0x000000008da00000, 0x000000008da00000| Untracked 
| 159|0x000000008db00000, 0x000000008db00000, 0x000000008dc00000|  0%| F|  |TAMS 0x000000008db00000, 0x000000008db00000| Untracked 
| 160|0x000000008dc00000, 0x000000008dc00000, 0x000000008dd00000|  0%| F|  |TAMS 0x000000008dc00000, 0x000000008dc00000| Untracked 
| 161|0x000000008dd00000, 0x000000008dd00000, 0x000000008de00000|  0%| F|  |TAMS 0x000000008dd00000, 0x000000008dd00000| Untracked 
| 162|0x000000008de00000, 0x000000008de00000, 0x000000008df00000|  0%| F|  |TAMS 0x000000008de00000, 0x000000008de00000| Untracked 
| 163|0x000000008df00000, 0x000000008df00000, 0x000000008e000000|  0%| F|  |TAMS 0x000000008df00000, 0x000000008df00000| Untracked 
| 164|0x000000008e000000, 0x000000008e000000, 0x000000008e100000|  0%| F|  |TAMS 0x000000008e000000, 0x000000008e000000| Untracked 
| 165|0x000000008e100000, 0x000000008e100000, 0x000000008e200000|  0%| F|  |TAMS 0x000000008e100000, 0x000000008e100000| Untracked 
| 166|0x000000008e200000, 0x000000008e200000, 0x000000008e300000|  0%| F|  |TAMS 0x000000008e200000, 0x000000008e200000| Untracked 
| 167|0x000000008e300000, 0x000000008e300000, 0x000000008e400000|  0%| F|  |TAMS 0x000000008e300000, 0x000000008e300000| Untracked 
| 168|0x000000008e400000, 0x000000008e400000, 0x000000008e500000|  0%| F|  |TAMS 0x000000008e400000, 0x000000008e400000| Untracked 
| 169|0x000000008e500000, 0x000000008e580800, 0x000000008e600000| 50%| E|  |TAMS 0x000000008e500000, 0x000000008e500000| Complete 
| 170|0x000000008e600000, 0x000000008e700000, 0x000000008e700000|100%| E|CS|TAMS 0x000000008e600000, 0x000000008e600000| Complete 
| 171|0x000000008e700000, 0x000000008e800000, 0x000000008e800000|100%| E|CS|TAMS 0x000000008e700000, 0x000000008e700000| Complete 
| 172|0x000000008e800000, 0x000000008e900000, 0x000000008e900000|100%| E|CS|TAMS 0x000000008e800000, 0x000000008e800000| Complete 
| 173|0x000000008e900000, 0x000000008ea00000, 0x000000008ea00000|100%| E|CS|TAMS 0x000000008e900000, 0x000000008e900000| Complete 
| 174|0x000000008ea00000, 0x000000008eb00000, 0x000000008eb00000|100%| E|CS|TAMS 0x000000008ea00000, 0x000000008ea00000| Complete 
| 175|0x000000008eb00000, 0x000000008ec00000, 0x000000008ec00000|100%| E|CS|TAMS 0x000000008eb00000, 0x000000008eb00000| Complete 
| 176|0x000000008ec00000, 0x000000008ed00000, 0x000000008ed00000|100%| E|CS|TAMS 0x000000008ec00000, 0x000000008ec00000| Complete 
| 177|0x000000008ed00000, 0x000000008ee00000, 0x000000008ee00000|100%| E|CS|TAMS 0x000000008ed00000, 0x000000008ed00000| Complete 
| 178|0x000000008ee00000, 0x000000008ef00000, 0x000000008ef00000|100%| E|CS|TAMS 0x000000008ee00000, 0x000000008ee00000| Complete 
| 179|0x000000008ef00000, 0x000000008f000000, 0x000000008f000000|100%| E|CS|TAMS 0x000000008ef00000, 0x000000008ef00000| Complete 
| 180|0x000000008f000000, 0x000000008f100000, 0x000000008f100000|100%| E|CS|TAMS 0x000000008f000000, 0x000000008f000000| Complete 
| 181|0x000000008f100000, 0x000000008f200000, 0x000000008f200000|100%| E|CS|TAMS 0x000000008f100000, 0x000000008f100000| Complete 
| 182|0x000000008f200000, 0x000000008f300000, 0x000000008f300000|100%| E|CS|TAMS 0x000000008f200000, 0x000000008f200000| Complete 
|1986|0x00000000ffe00000, 0x00000000ffe76000, 0x00000000fff00000| 46%|OA|  |TAMS 0x00000000ffe00000, 0x00000000ffe00000| Untracked 
|1987|0x00000000fff00000, 0x00000000fff83000, 0x0000000100000000| 51%|CA|  |TAMS 0x00000000fff00000, 0x00000000fff00000| Untracked 

Card table byte_map: [0x00007f1f25386000,0x00007f1f25768000] _byte_map_base: 0x00007f1f24f68000

Marking Bits (Prev, Next): (CMBitMap*) 0x00007f1f3c0624f0, (CMBitMap*) 0x00007f1f3c062530
 Prev Bits: [0x00007f1f23094000, 0x00007f1f24fa4000)
 Next Bits: [0x00007f1f21184000, 0x00007f1f23094000)

Polling page: 0x00007f1f421f8000

Metaspace:

Usage:
  Non-class:      1.02 MB used.
      Class:     92.91 KB used.
       Both:      1.11 MB used.

Virtual space:
  Non-class space:        8.00 MB reserved,       1.06 MB ( 13%) committed,  1 nodes.
      Class space:        1.00 GB reserved,     192.00 KB ( <1%) committed,  1 nodes.
             Both:        1.01 GB reserved,       1.25 MB ( <1%) committed. 

Chunk freelists:
   Non-Class:  3.50 MB
       Class:  3.67 MB
        Both:  7.18 MB

MaxMetaspaceSize: unlimited
CompressedClassSpaceSize: 1.00 GB
Initial GC threshold: 21.00 MB
Current GC threshold: 21.00 MB
CDS: on
MetaspaceReclaimPolicy: balanced
 - commit_granule_bytes: 65536.
 - commit_granule_words: 8192.
 - virtual_space_node_default_size: 1048576.
 - enlarge_chunks_in_place: 1.
 - new_chunks_are_fully_committed: 0.
 - uncommit_free_chunks: 1.
 - use_allocation_guard: 0.
 - handle_deallocations: 1.


Internal statistics:

num_allocs_failed_limit: 0.
num_arena_births: 34.
num_arena_deaths: 0.
num_vsnodes_births: 2.
num_vsnodes_deaths: 0.
num_space_committed: 20.
num_space_uncommitted: 0.
num_chunks_returned_to_freelist: 0.
num_chunks_taken_from_freelist: 80.
num_chunk_merges: 0.
num_chunk_splits: 43.
num_chunks_enlarged: 20.
num_purges: 0.
num_inconsistent_stats: 0.

CodeHeap 'non-profiled nmethods': size=120036Kb used=274Kb max_used=274Kb free=119761Kb
 bounds [0x00007f1f2d22f000, 0x00007f1f2d49f000, 0x00007f1f34768000]
CodeHeap 'profiled nmethods': size=120032Kb used=525Kb max_used=525Kb free=119507Kb
 bounds [0x00007f1f25cf7000, 0x00007f1f25f67000, 0x00007f1f2d22f000]
CodeHeap 'non-nmethods': size=5692Kb used=1114Kb max_used=1146Kb free=4578Kb
 bounds [0x00007f1f25768000, 0x00007f1f259d8000, 0x00007f1f25cf7000]
 total_blobs=777 nmethods=395 adapters=296
 compilation: enabled
              stopped_count=0, restarted_count=0
 full_count=0

Compilation events (20 events):
Event: 1.573 Thread 0x00007f1f3c1115d0  389       1       il.co.codeguru.corewars8086.cpu.CpuState::setSP (6 bytes)
Event: 1.573 Thread 0x00007f1f3c1115d0 nmethod 389 0x00007f1f2d272690 code [0x00007f1f2d272820, 0x00007f1f2d2728f0]
Event: 1.573 Thread 0x00007f1f3c1115d0  390       1       il.co.codeguru.corewars8086.cpu.CpuState::setCS (6 bytes)
Event: 1.573 Thread 0x00007f1f3c1115d0 nmethod 390 0x00007f1f2d272990 code [0x00007f1f2d272b20, 0x00007f1f2d272bf0]
Event: 1.573 Thread 0x00007f1f3c1115d0  391       1       il.co.codeguru.corewars8086.cpu.CpuState::setFlags (6 bytes)
Event: 1.573 Thread 0x00007f1f3c1115d0 nmethod 391 0x00007f1f2d272c90 code [0x00007f1f2d272e20, 0x00007f1f2d272ef0]
Event: 1.573 Thread 0x00007f1f3c1115d0  392       1       il.co.codeguru.corewars8086.cpu.CpuState::setEnergy (6 bytes)
Event: 1.573 Thread 0x00007f1f3c1115d0 nmethod 392 0x00007f1f2d272f90 code [0x00007f1f2d273120, 0x00007f1f2d2731f0]
Event: 1.573 Thread 0x00007f1f3c1115d0  393       1       il.co.codeguru.corewars8086.cpu.CpuState::setBomb1Count (6 bytes)
Event: 1.573 Thread 0x00007f1f3c1115d0 nmethod 393 0x00007f1f2d273290 code [0x00007f1f2d273420, 0x00007f1f2d2734f0]
Event: 1.573 Thread 0x00007f1f3c1115d0  394       1       il.co.codeguru.corewars8086.cpu.CpuState::setBomb2Count (6 bytes)
Event: 1.573 Thread 0x00007f1f3c1115d0 nmethod 394 0x00007f1f2d273590 code [0x00007f1f2d273720, 0x00007f1f2d2737f0]
Event: 1.591 Thread 0x00007f1f3c1115d0  395       3       java.lang.Float::<init> (10 bytes)
Event: 1.591 Thread 0x00007f1f3c1115d0 nmethod 395 0x00007f1f25d77f90 code [0x00007f1f25d78140, 0x00007f1f25d78310]
Event: 1.591 Thread 0x00007f1f3c1115d0  396       1       java.lang.Float::floatValue (5 bytes)
Event: 1.591 Thread 0x00007f1f3c1115d0 nmethod 396 0x00007f1f2d273890 code [0x00007f1f2d273a20, 0x00007f1f2d273af0]
Event: 1.994 Thread 0x00007f1f3c1115d0  397       3       java.util.ArrayList::<init> (12 bytes)
Event: 1.994 Thread 0x00007f1f3c1115d0 nmethod 397 0x00007f1f25d78410 code [0x00007f1f25d785c0, 0x00007f1f25d78850]
Event: 2.013 Thread 0x00007f1f3c1115d0  398       3       il.co.codeguru.corewars8086.war.War::loadWarriorGroup (230 bytes)
Event: 2.014 Thread 0x00007f1f3c1115d0 nmethod 398 0x00007f1f25d78990 code [0x00007f1f25d78c60, 0x00007f1f25d79b90]

GC Heap History (20 events):
Event: 0.869 GC heap before
{Heap before GC invocations=7 (full 0):
 garbage-first heap   total 131072K, used 89534K [0x0000000083c00000, 0x0000000100000000)
  region size 1024K, 75 young (76800K), 1 survivors (1024K)
 Metaspace       used 1129K, committed 1280K, reserved 1056768K
  class space    used 92K, committed 192K, reserved 1048576K
}
Event: 0.871 GC heap after
{Heap after GC invocations=8 (full 0):
 garbage-first heap   total 131072K, used 3526K [0x0000000083c00000, 0x0000000100000000)
  region size 1024K, 1 young (1024K), 1 survivors (1024K)
 Metaspace       used 1129K, committed 1280K, reserved 1056768K
  class space    used 92K, committed 192K, reserved 1048576K
}
Event: 0.961 GC heap before
{Heap before GC invocations=8 (full 0):
 garbage-first heap   total 131072K, used 89542K [0x0000000083c00000, 0x0000000100000000)
  region size 1024K, 75 young (76800K), 1 survivors (1024K)
 Metaspace       used 1130K, committed 1280K, reserved 1056768K
  class space    used 92K, committed 192K, reserved 1048576K
}
Event: 0.963 GC heap after
{Heap after GC invocations=9 (full 0):
 garbage-first heap   total 157696K, used 3524K [0x0000000083c00000, 0x0000000100000000)
  region size 1024K, 1 young (1024K), 1 survivors (1024K)
 Metaspace       used 1130K, committed 1280K, reserved 1056768K
  class space    used 92K, committed 192K, reserved 1048576K
}
Event: 1.082 GC heap before
{Heap before GC invocations=9 (full 0):
 garbage-first heap   total 157696K, used 106948K [0x0000000083c00000, 0x0000000100000000)
  region size 1024K, 92 young (94208K), 1 survivors (1024K)
 Metaspace       used 1130K, committed 1280K, reserved 1056768K
  class space    used 92K, committed 192K, reserved 1048576K
}
Event: 1.083 GC heap after
{Heap after GC invocations=10 (full 0):
 garbage-first heap   total 157696K, used 3524K [0x0000000083c00000, 0x0000000100000000)
  region size 1024K, 1 young (1024K), 1 survivors (1024K)
 Metaspace       used 1130K, committed 1280K, reserved 1056768K
  class space    used 92K, committed 192K, reserved 1048576K
}
Event: 1.194 GC heap before
{Heap before GC invocations=10 (full 0):
 garbage-first heap   total 157696K, used 108996K [0x0000000083c00000, 0x0000000100000000)
  region size 1024K, 92 young (94208K), 1 survivors (1024K)
 Metaspace       used 1130K, committed 1280K, reserved 1056768K
  class space    used 92K, committed 192K, reserved 1048576K
}
Event: 1.196 GC heap after
{Heap after GC invocations=11 (full 0):
 garbage-first heap   total 157696K, used 3524K [0x0000000083c00000, 0x0000000100000000)
  region size 1024K, 1 young (1024K), 1 survivors (1024K)
 Metaspace       used 1130K, committed 1280K, reserved 1056768K
  class space    used 92K, committed 192K, reserved 1048576K
}
Event: 1.306 GC heap before
{Heap before GC invocations=11 (full 0):
 garbage-first heap   total 157696K, used 108996K [0x0000000083c00000, 0x0000000100000000)
  region size 1024K, 92 young (94208K), 1 survivors (1024K)
 Metaspace       used 1131K, committed 1280K, reserved 1056768K
  class space    used 92K, committed 192K, reserved 1048576K
}
Event: 1.308 GC heap after
{Heap after GC invocations=12 (full 0):
 garbage-first heap   total 157696K, used 3524K [0x0000000083c00000, 0x0000000100000000)
  region size 1024K, 1 young (1024K), 1 survivors (1024K)
 Metaspace       used 1131K, committed 1280K, reserved 1056768K
  class space    used 92K, committed 192K, reserved 1048576K
}
Event: 1.419 GC heap before
{Heap before GC invocations=12 (full 0):
 garbage-first heap   total 157696K, used 106948K [0x0000000083c00000, 0x0000000100000000)
  region size 1024K, 92 young (94208K), 1 survivors (1024K)
 Metaspace       used 1131K, committed 1280K, reserved 1056768K
  class space    used 92K, committed 192K, reserved 1048576K
}
Event: 1.421 GC heap after
{Heap after GC invocations=13 (full 0):
 garbage-first heap   total 189440K, used 3524K [0x0000000083c00000, 0x0000000100000000)
  region size 1024K, 1 young (1024K), 1 survivors (1024K)
 Metaspace       used 1131K, committed 1280K, reserved 1056768K
  class space    used 92K, committed 192K, reserved 1048576K
}
Event: 1.563 GC heap before
{Heap before GC invocations=13 (full 0):
 garbage-first heap   total 189440K, used 130500K [0x0000000083c00000, 0x0000000100000000)
  region size 1024K, 111 young (113664K), 1 survivors (1024K)
 Metaspace       used 1132K, committed 1280K, reserved 1056768K
  class space    used 92K, committed 192K, reserved 1048576K
}
Event: 1.565 GC heap after
{Heap after GC invocations=14 (full 0):
 garbage-first heap   total 189440K, used 3523K [0x0000000083c00000, 0x0000000100000000)
  region size 1024K, 1 young (1024K), 1 survivors (1024K)
 Metaspace       used 1132K, committed 1280K, reserved 1056768K
  class space    used 92K, committed 192K, reserved 1048576K
}
Event: 1.701 GC heap before
{Heap before GC invocations=14 (full 0):
 garbage-first heap   total 189440K, used 130499K [0x0000000083c00000, 0x0000000100000000)
  region size 1024K, 111 young (113664K), 1 survivors (1024K)
 Metaspace       used 1132K, committed 1280K, reserved 1056768K
  class space    used 92K, committed 192K, reserved 1048576K
}
Event: 1.703 GC heap after
{Heap after GC invocations=15 (full 0):
 garbage-first heap   total 189440K, used 3524K [0x0000000083c00000, 0x0000000100000000)
  region size 1024K, 1 young (1024K), 1 survivors (1024K)
 Metaspace       used 1132K, committed 1280K, reserved 1056768K
  class space    used 92K, committed 192K, reserved 1048576K
}
Event: 1.839 GC heap before
{Heap before GC invocations=15 (full 0):
 garbage-first heap   total 189440K, used 130500K [0x0000000083c00000, 0x0000000100000000)
  region size 1024K, 111 young (113664K), 1 survivors (1024K)
 Metaspace       used 1132K, committed 1280K, reserved 1056768K
  class space    used 92K, committed 192K, reserved 1048576K
}
Event: 1.841 GC heap after
{Heap after GC invocations=16 (full 0):
 garbage-first heap   total 189440K, used 3523K [0x0000000083c00000, 0x0000000100000000)
  region size 1024K, 1 young (1024K), 1 survivors (1024K)
 Metaspace       used 1132K, committed 1280K, reserved 1056768K
  class space    used 92K, committed 192K, reserved 1048576K
}
Event: 1.977 GC heap before
{Heap before GC invocations=16 (full 0):
 garbage-first heap   total 189440K, used 130499K [0x0000000083c00000, 0x0000000100000000)
  region size 1024K, 111 young (113664K), 1 survivors (1024K)
 Metaspace       used 1132K, committed 1280K, reserved 1056768K
  class space    used 92K, committed 192K, reserved 1048576K
}
Event: 1.978 GC heap after
{Heap after GC invocations=17 (full 0):
 garbage-first heap   total 189440K, used 3513K [0x0000000083c00000, 0x0000000100000000)
  region size 1024K, 1 young (1024K), 1 survivors (1024K)
 Metaspace       used 1132K, committed 1280K, reserved 1056768K
  class space    used 92K, committed 192K, reserved 1048576K
}

Deoptimization events (20 events):
Event: 0.414 Thread 0x00007f1f3c023810 Uncommon trap: trap_request=0xffffffbe fr.pc=0x00007f1f2d25f52c relative=0x0000000000000a2c
Event: 0.414 Thread 0x00007f1f3c023810 Uncommon trap: reason=profile_predicate action=maybe_recompile pc=0x00007f1f2d25f52c method=il.co.codeguru.corewars8086.war.Competition.runWar(I[Lil/co/codeguru/corewars8086/war/WarriorGroup;Z)V @ 68 c2
Event: 0.414 Thread 0x00007f1f3c023810 DEOPT PACKING pc=0x00007f1f2d25f52c sp=0x00007f1f40be5800
Event: 0.414 Thread 0x00007f1f3c023810 DEOPT UNPACKING pc=0x00007f1f257bd899 sp=0x00007f1f40be5818 mode 2
Event: 0.435 Thread 0x00007f1f3c023810 Uncommon trap: trap_request=0xfffffff4 fr.pc=0x00007f1f2d23f320 relative=0x0000000000000180
Event: 0.435 Thread 0x00007f1f3c023810 Uncommon trap: reason=null_check action=make_not_entrant pc=0x00007f1f2d23f320 method=java.lang.reflect.AccessibleObject.isAccessChecked(Ljava/lang/Class;)Z @ 6 c2
Event: 0.435 Thread 0x00007f1f3c023810 DEOPT PACKING pc=0x00007f1f2d23f320 sp=0x00007f1f40be4f80
Event: 0.435 Thread 0x00007f1f3c023810 DEOPT UNPACKING pc=0x00007f1f257bd899 sp=0x00007f1f40be4e80 mode 2
Event: 0.435 Thread 0x00007f1f3c023810 Uncommon trap: trap_request=0xffffffbe fr.pc=0x00007f1f2d25f52c relative=0x0000000000000a2c
Event: 0.435 Thread 0x00007f1f3c023810 Uncommon trap: reason=profile_predicate action=maybe_recompile pc=0x00007f1f2d25f52c method=il.co.codeguru.corewars8086.war.Competition.runWar(I[Lil/co/codeguru/corewars8086/war/WarriorGroup;Z)V @ 68 c2
Event: 0.435 Thread 0x00007f1f3c023810 DEOPT PACKING pc=0x00007f1f2d25f52c sp=0x00007f1f40be5800
Event: 0.435 Thread 0x00007f1f3c023810 DEOPT UNPACKING pc=0x00007f1f257bd899 sp=0x00007f1f40be5818 mode 2
Event: 0.456 Thread 0x00007f1f3c023810 Uncommon trap: trap_request=0xffffffbe fr.pc=0x00007f1f2d25f52c relative=0x0000000000000a2c
Event: 0.456 Thread 0x00007f1f3c023810 Uncommon trap: reason=profile_predicate action=maybe_recompile pc=0x00007f1f2d25f52c method=il.co.codeguru.corewars8086.war.Competition.runWar(I[Lil/co/codeguru/corewars8086/war/WarriorGroup;Z)V @ 68 c2
Event: 0.456 Thread 0x00007f1f3c023810 DEOPT PACKING pc=0x00007f1f2d25f52c sp=0x00007f1f40be5800
Event: 0.456 Thread 0x00007f1f3c023810 DEOPT UNPACKING pc=0x00007f1f257bd899 sp=0x00007f1f40be5818 mode 2
Event: 0.477 Thread 0x00007f1f3c023810 DEOPT PACKING pc=0x00007f1f25d6f607 sp=0x00007f1f40be5760
Event: 0.477 Thread 0x00007f1f3c023810 DEOPT UNPACKING pc=0x00007f1f257be3cf sp=0x00007f1f40be4c78 mode 0
Event: 0.497 Thread 0x00007f1f3c023810 DEOPT PACKING pc=0x00007f1f25d6f607 sp=0x00007f1f40be5760
Event: 0.497 Thread 0x00007f1f3c023810 DEOPT UNPACKING pc=0x00007f1f257be3cf sp=0x00007f1f40be4c78 mode 0

Classes unloaded (0 events):
No events

Classes redefined (0 events):
No events

Internal exceptions (2 events):
Event: 0.203 Thread 0x00007f1f3c023810 Implicit null exception at 0x00007f1f2d23de60 to 0x00007f1f2d23e440
Event: 0.435 Thread 0x00007f1f3c023810 Implicit null exception at 0x00007f1f2d23f1f7 to 0x00007f1f2d23f2f8

VM Operations (20 events):
Event: 0.869 Executing VM operation: G1CollectForAllocation
Event: 0.871 Executing VM operation: G1CollectForAllocation done
Event: 0.961 Executing VM operation: G1CollectForAllocation
Event: 0.963 Executing VM operation: G1CollectForAllocation done
Event: 1.082 Executing VM operation: G1CollectForAllocation
Event: 1.083 Executing VM operation: G1CollectForAllocation done
Event: 1.194 Executing VM operation: G1CollectForAllocation
Event: 1.196 Executing VM operation: G1CollectForAllocation done
Event: 1.306 Executing VM operation: G1CollectForAllocation
Event: 1.308 Executing VM operation: G1CollectForAllocation done
Event: 1.419 Executing VM operation: G1CollectForAllocation
Event: 1.421 Executing VM operation: G1CollectForAllocation done
Event: 1.563 Executing VM operation: G1CollectForAllocation
Event: 1.565 Executing VM operation: G1CollectForAllocation done
Event: 1.701 Executing VM operation: G1CollectForAllocation
Event: 1.703 Executing VM operation: G1CollectForAllocation done
Event: 1.839 Executing VM operation: G1CollectForAllocation
Event: 1.841 Executing VM operation: G1CollectForAllocation done
Event: 1.977 Executing VM operation: G1CollectForAllocation
Event: 1.978 Executing VM operation: G1CollectForAllocation done

Events (20 events):
Event: 0.097 loading class jdk/internal/reflect/ByteVectorFactory
Event: 0.097 loading class jdk/internal/reflect/ByteVectorFactory done
Event: 0.097 loading class jdk/internal/reflect/ByteVectorImpl
Event: 0.097 loading class jdk/internal/reflect/ByteVector
Event: 0.097 loading class jdk/internal/reflect/ByteVector done
Event: 0.097 loading class jdk/internal/reflect/ByteVectorImpl done
Event: 0.097 loading class jdk/internal/reflect/ClassFileAssembler
Event: 0.098 loading class jdk/internal/reflect/ClassFileAssembler done
Event: 0.098 loading class jdk/internal/reflect/UTF8
Event: 0.098 loading class jdk/internal/reflect/UTF8 done
Event: 0.098 loading class jdk/internal/reflect/Label
Event: 0.098 loading class jdk/internal/reflect/Label done
Event: 0.098 loading class jdk/internal/reflect/Label$PatchInfo
Event: 0.098 loading class jdk/internal/reflect/Label$PatchInfo done
Event: 0.098 loading class jdk/internal/reflect/MethodAccessorGenerator$1
Event: 0.098 loading class jdk/internal/reflect/MethodAccessorGenerator$1 done
Event: 0.098 loading class jdk/internal/reflect/ClassDefiner
Event: 0.098 loading class jdk/internal/reflect/ClassDefiner done
Event: 0.098 loading class jdk/internal/reflect/ClassDefiner$1
Event: 0.098 loading class jdk/internal/reflect/ClassDefiner$1 done


Dynamic libraries:
83c00000-8f300000 rw-p 00000000 00:00 0 
8f300000-ffe00000 ---p 00000000 00:00 0 
ffe00000-ffe76000 rw-p 00c9b000 08:01 264746                             /usr/lib/jvm/java-17-oracle/lib/server/classes.jsa
ffe76000-fff00000 rw-p 00000000 00:00 0 
fff00000-fff83000 rw-p 00c18000 08:01 264746                             /usr/lib/jvm/java-17-oracle/lib/server/classes.jsa
fff83000-100000000 rw-p 00000000 00:00 0 
800000000-800441000 rw-p 00001000 08:01 264746                           /usr/lib/jvm/java-17-oracle/lib/server/classes.jsa
800441000-800bdf000 r--p 00442000 08:01 264746                           /usr/lib/jvm/java-17-oracle/lib/server/classes.jsa
800bdf000-800c00000 ---p 00000000 00:00 0 
800c00000-800c20000 rw-p 00000000 00:00 0 
800c20000-800c40000 ---p 00000000 00:00 0 
800c40000-800c50000 rw-p 00000000 00:00 0 
800c50000-840c00000 ---p 00000000 00:00 0 
56256056b000-56256056c000 r-xp 00000000 08:01 264320                     /usr/lib/jvm/java-17-oracle/bin/java
56256056d000-56256056e000 r--p 00001000 08:01 264320                     /usr/lib/jvm/java-17-oracle/bin/java
56256056e000-56256056f000 rw-p 00002000 08:01 264320                     /usr/lib/jvm/java-17-oracle/bin/java
562561684000-5625616c7000 rw-p 00000000 00:00 0                          [heap]
7f1ee4000000-7f1ee4448000 rw-p 00000000 00:00 0 
7f1ee4448000-7f1ee8000000 ---p 00000000 00:00 0 
7f1ee8000000-7f1ee8021000 rw-p 00000000 00:00 0 
7f1ee8021000-7f1eec000000 ---p 00000000 00:00 0 
7f1eec000000-7f1eec021000 rw-p 00000000 00:00 0 
7f1eec021000-7f1ef0000000 ---p 00000000 00:00 0 
7f1ef0000000-7f1ef03a3000 rw-p 00000000 00:00 0 
7f1ef03a3000-7f1ef4000000 ---p 00000000 00:00 0 
7f1ef4000000-7f1ef4021000 rw-p 00000000 00:00 0 
7f1ef4021000-7f1ef8000000 ---p 00000000 00:00 0 
7f1ef8000000-7f1ef8021000 rw-p 00000000 00:00 0 
7f1ef8021000-7f1efc000000 ---p 00000000 00:00 0 
7f1efc000000-7f1efc021000 rw-p 00000000 00:00 0 
7f1efc021000-7f1f00000000 ---p 00000000 00:00 0 
7f1f00000000-7f1f00021000 rw-p 00000000 00:00 0 
7f1f00021000-7f1f04000000 ---p 00000000 00:00 0 
7f1f04000000-7f1f04021000 rw-p 00000000 00:00 0 
7f1f04021000-7f1f08000000 ---p 00000000 00:00 0 
7f1f08000000-7f1f08038000 rw-p 00000000 00:00 0 
7f1f08038000-7f1f0c000000 ---p 00000000 00:00 0 
7f1f0c000000-7f1f0c021000 rw-p 00000000 00:00 0 
7f1f0c021000-7f1f10000000 ---p 00000000 00:00 0 
7f1f10c4d000-7f1f10ffa000 rw-p 00000000 00:00 0 
7f1f10ffa000-7f1f10ffb000 ---p 00000000 00:00 0 
7f1f10ffb000-7f1f110fc000 rw-p 00000000 00:00 0 
7f1f110fc000-7f1f11100000 ---p 00000000 00:00 0 
7f1f11100000-7f1f111fd000 rw-p 00000000 00:00 0 
7f1f111fd000-7f1f111fe000 ---p 00000000 00:00 0 
7f1f111fe000-7f1f112ff000 rw-p 00000000 00:00 0 
7f1f112ff000-7f1f11303000 ---p 00000000 00:00 0 
7f1f11303000-7f1f11490000 rw-p 00000000 00:00 0 
7f1f11490000-7f1f11800000 ---p 00000000 00:00 0 
7f1f11800000-7f1f11880000 rw-p 00000000 00:00 0 
7f1f11880000-7f1f11c00000 ---p 00000000 00:00 0 
7f1f11ccc000-7f1f11cfd000 rw-p 00000000 00:00 0 
7f1f11cfd000-7f1f11d01000 ---p 00000000 00:00 0 
7f1f11d01000-7f1f11dfe000 rw-p 00000000 00:00 0 
7f1f11dfe000-7f1f11e02000 ---p 00000000 00:00 0 
7f1f11e02000-7f1f11eff000 rw-p 00000000 00:00 0 
7f1f11eff000-7f1f11f03000 ---p 00000000 00:00 0 
7f1f11f03000-7f1f14000000 rw-p 00000000 00:00 0 
7f1f14000000-7f1f14021000 rw-p 00000000 00:00 0 
7f1f14021000-7f1f18000000 ---p 00000000 00:00 0 
7f1f18000000-7f1f18021000 rw-p 00000000 00:00 0 
7f1f18021000-7f1f1c000000 ---p 00000000 00:00 0 
7f1f1c000000-7f1f1c021000 rw-p 00000000 00:00 0 
7f1f1c021000-7f1f20000000 ---p 00000000 00:00 0 
7f1f20026000-7f1f2003b000 r-xp 00000000 08:01 264726                     /usr/lib/jvm/java-17-oracle/lib/libnet.so
7f1f2003b000-7f1f2003c000 ---p 00015000 08:01 264726                     /usr/lib/jvm/java-17-oracle/lib/libnet.so
7f1f2003c000-7f1f2003d000 r--p 00015000 08:01 264726                     /usr/lib/jvm/java-17-oracle/lib/libnet.so
7f1f2003d000-7f1f2003e000 rw-p 00016000 08:01 264726                     /usr/lib/jvm/java-17-oracle/lib/libnet.so
7f1f2003e000-7f1f20042000 ---p 00000000 00:00 0 
7f1f20042000-7f1f2013f000 rw-p 00000000 00:00 0 
7f1f2013f000-7f1f20143000 ---p 00000000 00:00 0 
7f1f20143000-7f1f20240000 rw-p 00000000 00:00 0 
7f1f20240000-7f1f20244000 ---p 00000000 00:00 0 
7f1f20244000-7f1f20341000 rw-p 00000000 00:00 0 
7f1f20341000-7f1f20373000 r--p 00000000 08:01 6138                       /usr/lib/locale/C.UTF-8/LC_CTYPE
7f1f20373000-7f1f204e6000 r--p 00000000 08:01 6137                       /usr/lib/locale/C.UTF-8/LC_COLLATE
7f1f204e6000-7f1f207cc000 r--p 00000000 08:01 6132                       /usr/lib/locale/locale-archive
7f1f207cc000-7f1f207d0000 ---p 00000000 00:00 0 
7f1f207d0000-7f1f208cd000 rw-p 00000000 00:00 0 
7f1f208cd000-7f1f208d1000 ---p 00000000 00:00 0 
7f1f208d1000-7f1f209ce000 rw-p 00000000 00:00 0 
7f1f209ce000-7f1f209cf000 ---p 00000000 00:00 0 
7f1f209cf000-7f1f20ad0000 rw-p 00000000 00:00 0 
7f1f20ad0000-7f1f20b9e000 r-xp 00000000 08:01 264733                     /usr/lib/jvm/java-17-oracle/lib/libsvml.so
7f1f20b9e000-7f1f20b9f000 r--p 000cd000 08:01 264733                     /usr/lib/jvm/java-17-oracle/lib/libsvml.so
7f1f20b9f000-7f1f20ba0000 rw-p 000ce000 08:01 264733                     /usr/lib/jvm/java-17-oracle/lib/libsvml.so
7f1f20ba0000-7f1f20c7c000 rw-p 00000000 00:00 0 
7f1f20c7c000-7f1f20c7d000 ---p 00000000 00:00 0 
7f1f20c7d000-7f1f20d7e000 rw-p 00000000 00:00 0 
7f1f20d7e000-7f1f20d7f000 ---p 00000000 00:00 0 
7f1f20d7f000-7f1f21082000 rw-p 00000000 00:00 0 
7f1f21082000-7f1f21083000 ---p 00000000 00:00 0 
7f1f21083000-7f1f21460000 rw-p 00000000 00:00 0 
7f1f21460000-7f1f2308c000 ---p 00000000 00:00 0 
7f1f2308c000-7f1f23370000 rw-p 00000000 00:00 0 
7f1f23370000-7f1f24f9c000 ---p 00000000 00:00 0 
7f1f24f9c000-7f1f25000000 rw-p 00000000 00:00 0 
7f1f25000000-7f1f25385000 ---p 00000000 00:00 0 
7f1f25385000-7f1f253e2000 rw-p 00000000 00:00 0 
7f1f253e2000-7f1f25767000 ---p 00000000 00:00 0 
7f1f25767000-7f1f25768000 rw-p 00000000 00:00 0 
7f1f25768000-7f1f259d8000 rwxp 00000000 00:00 0 
7f1f259d8000-7f1f25cf7000 ---p 00000000 00:00 0 
7f1f25cf7000-7f1f25f67000 rwxp 00000000 00:00 0 
7f1f25f67000-7f1f2d22f000 ---p 00000000 00:00 0 
7f1f2d22f000-7f1f2d49f000 rwxp 00000000 00:00 0 
7f1f2d49f000-7f1f34768000 ---p 00000000 00:00 0 
7f1f34768000-7f1f3c000000 r--s 00000000 08:01 264737                     /usr/lib/jvm/java-17-oracle/lib/modules
7f1f3c000000-7f1f3c1a9000 rw-p 00000000 00:00 0 
7f1f3c1a9000-7f1f40000000 ---p 00000000 00:00 0 
7f1f4000a000-7f1f40011000 r-xp 00000000 08:01 264736                     /usr/lib/jvm/java-17-oracle/lib/libzip.so
7f1f40011000-7f1f40012000 ---p 00007000 08:01 264736                     /usr/lib/jvm/java-17-oracle/lib/libzip.so
7f1f40012000-7f1f40013000 r--p 00007000 08:01 264736                     /usr/lib/jvm/java-17-oracle/lib/libzip.so
7f1f40013000-7f1f40014000 rw-p 00008000 08:01 264736                     /usr/lib/jvm/java-17-oracle/lib/libzip.so
7f1f40014000-7f1f40027000 r-xp 00000000 08:01 264727                     /usr/lib/jvm/java-17-oracle/lib/libnio.so
7f1f40027000-7f1f40028000 r--p 00012000 08:01 264727                     /usr/lib/jvm/java-17-oracle/lib/libnio.so
7f1f40028000-7f1f40029000 rw-p 00013000 08:01 264727                     /usr/lib/jvm/java-17-oracle/lib/libnio.so
7f1f40029000-7f1f4002a000 r--p 00000000 08:01 6143                       /usr/lib/locale/C.UTF-8/LC_NUMERIC
7f1f4002a000-7f1f4002b000 r--p 00000000 08:01 6146                       /usr/lib/locale/C.UTF-8/LC_TIME
7f1f4002b000-7f1f4002c000 r--p 00000000 08:01 6141                       /usr/lib/locale/C.UTF-8/LC_MONETARY
7f1f4002c000-7f1f4002d000 r--p 00000000 08:01 6135                       /usr/lib/locale/C.UTF-8/LC_MESSAGES/SYS_LC_MESSAGES
7f1f4002d000-7f1f4002e000 r--p 00000000 08:01 6144                       /usr/lib/locale/C.UTF-8/LC_PAPER
7f1f4002e000-7f1f4006f000 rw-p 00000000 00:00 0 
7f1f4006f000-7f1f40070000 ---p 00000000 00:00 0 
7f1f40070000-7f1f40171000 rw-p 00000000 00:00 0 
7f1f40171000-7f1f40172000 ---p 00000000 00:00 0 
7f1f40172000-7f1f40312000 rw-p 00000000 00:00 0 
7f1f40312000-7f1f40697000 ---p 00000000 00:00 0 
7f1f40697000-7f1f4089f000 rw-p 00000000 00:00 0 
7f1f4089f000-7f1f40985000 ---p 00000000 00:00 0 
7f1f40985000-7f1f4098a000 rw-p 00000000 00:00 0 
7f1f4098a000-7f1f40a70000 ---p 00000000 00:00 0 
7f1f40a70000-7f1f40a75000 rw-p 00000000 00:00 0 
7f1f40a75000-7f1f40a7c000 ---p 00000000 00:00 0 
7f1f40a7c000-7f1f40aa0000 r-xp 00000000 08:01 264713                     /usr/lib/jvm/java-17-oracle/lib/libjava.so
7f1f40aa0000-7f1f40aa1000 ---p 00024000 08:01 264713                     /usr/lib/jvm/java-17-oracle/lib/libjava.so
7f1f40aa1000-7f1f40aa2000 r--p 00024000 08:01 264713                     /usr/lib/jvm/java-17-oracle/lib/libjava.so
7f1f40aa2000-7f1f40aa3000 rw-p 00025000 08:01 264713                     /usr/lib/jvm/java-17-oracle/lib/libjava.so
7f1f40aa3000-7f1f40aa4000 rw-p 00000000 00:00 0 
7f1f40aa4000-7f1f40aac000 rw-s 00000000 08:01 788613                     /tmp/hsperfdata_yossimal/4797
7f1f40aac000-7f1f40aaf000 r--p 00000000 08:01 5281                       /usr/lib/x86_64-linux-gnu/libnss_files-2.31.so
7f1f40aaf000-7f1f40ab6000 r-xp 00003000 08:01 5281                       /usr/lib/x86_64-linux-gnu/libnss_files-2.31.so
7f1f40ab6000-7f1f40ab8000 r--p 0000a000 08:01 5281                       /usr/lib/x86_64-linux-gnu/libnss_files-2.31.so
7f1f40ab8000-7f1f40ab9000 r--p 0000b000 08:01 5281                       /usr/lib/x86_64-linux-gnu/libnss_files-2.31.so
7f1f40ab9000-7f1f40aba000 rw-p 0000c000 08:01 5281                       /usr/lib/x86_64-linux-gnu/libnss_files-2.31.so
7f1f40aba000-7f1f40ac0000 rw-p 00000000 00:00 0 
7f1f40ac0000-7f1f40ac7000 r--s 00000000 08:01 3750                       /usr/lib/x86_64-linux-gnu/gconv/gconv-modules.cache
7f1f40ac7000-7f1f40ae2000 r-xp 00000000 08:01 264717                     /usr/lib/jvm/java-17-oracle/lib/libjimage.so
7f1f40ae2000-7f1f40ae3000 ---p 0001b000 08:01 264717                     /usr/lib/jvm/java-17-oracle/lib/libjimage.so
7f1f40ae3000-7f1f40ae5000 r--p 0001b000 08:01 264717                     /usr/lib/jvm/java-17-oracle/lib/libjimage.so
7f1f40ae5000-7f1f40ae6000 rw-p 0001d000 08:01 264717                     /usr/lib/jvm/java-17-oracle/lib/libjimage.so
7f1f40ae6000-7f1f40aea000 ---p 00000000 00:00 0 
7f1f40aea000-7f1f40be7000 rw-p 00000000 00:00 0 
7f1f40be7000-7f1f40bf4000 r--p 00000000 08:01 4763                       /usr/lib/x86_64-linux-gnu/libm-2.31.so
7f1f40bf4000-7f1f40c9b000 r-xp 0000d000 08:01 4763                       /usr/lib/x86_64-linux-gnu/libm-2.31.so
7f1f40c9b000-7f1f40d34000 r--p 000b4000 08:01 4763                       /usr/lib/x86_64-linux-gnu/libm-2.31.so
7f1f40d34000-7f1f40d35000 r--p 0014c000 08:01 4763                       /usr/lib/x86_64-linux-gnu/libm-2.31.so
7f1f40d35000-7f1f40d36000 rw-p 0014d000 08:01 4763                       /usr/lib/x86_64-linux-gnu/libm-2.31.so
7f1f40d36000-7f1f40d38000 r--p 00000000 08:01 5288                       /usr/lib/x86_64-linux-gnu/librt-2.31.so
7f1f40d38000-7f1f40d3c000 r-xp 00002000 08:01 5288                       /usr/lib/x86_64-linux-gnu/librt-2.31.so
7f1f40d3c000-7f1f40d3e000 r--p 00006000 08:01 5288                       /usr/lib/x86_64-linux-gnu/librt-2.31.so
7f1f40d3e000-7f1f40d3f000 r--p 00007000 08:01 5288                       /usr/lib/x86_64-linux-gnu/librt-2.31.so
7f1f40d3f000-7f1f40d40000 rw-p 00008000 08:01 5288                       /usr/lib/x86_64-linux-gnu/librt-2.31.so
7f1f40d40000-7f1f41e67000 r-xp 00000000 08:01 264749                     /usr/lib/jvm/java-17-oracle/lib/server/libjvm.so
7f1f41e67000-7f1f41f1c000 r--p 01126000 08:01 264749                     /usr/lib/jvm/java-17-oracle/lib/server/libjvm.so
7f1f41f1c000-7f1f41f4f000 rw-p 011db000 08:01 264749                     /usr/lib/jvm/java-17-oracle/lib/server/libjvm.so
7f1f41f4f000-7f1f41fab000 rw-p 00000000 00:00 0 
7f1f41fab000-7f1f41fcd000 r--p 00000000 08:01 4724                       /usr/lib/x86_64-linux-gnu/libc-2.31.so
7f1f41fcd000-7f1f42145000 r-xp 00022000 08:01 4724                       /usr/lib/x86_64-linux-gnu/libc-2.31.so
7f1f42145000-7f1f42193000 r--p 0019a000 08:01 4724                       /usr/lib/x86_64-linux-gnu/libc-2.31.so
7f1f42193000-7f1f42197000 r--p 001e7000 08:01 4724                       /usr/lib/x86_64-linux-gnu/libc-2.31.so
7f1f42197000-7f1f42199000 rw-p 001eb000 08:01 4724                       /usr/lib/x86_64-linux-gnu/libc-2.31.so
7f1f42199000-7f1f4219d000 rw-p 00000000 00:00 0 
7f1f4219d000-7f1f4219e000 r--p 00000000 08:01 4725                       /usr/lib/x86_64-linux-gnu/libdl-2.31.so
7f1f4219e000-7f1f421a0000 r-xp 00001000 08:01 4725                       /usr/lib/x86_64-linux-gnu/libdl-2.31.so
7f1f421a0000-7f1f421a1000 r--p 00003000 08:01 4725                       /usr/lib/x86_64-linux-gnu/libdl-2.31.so
7f1f421a1000-7f1f421a2000 r--p 00003000 08:01 4725                       /usr/lib/x86_64-linux-gnu/libdl-2.31.so
7f1f421a2000-7f1f421a3000 rw-p 00004000 08:01 4725                       /usr/lib/x86_64-linux-gnu/libdl-2.31.so
7f1f421a3000-7f1f421a9000 r--p 00000000 08:01 5286                       /usr/lib/x86_64-linux-gnu/libpthread-2.31.so
7f1f421a9000-7f1f421ba000 r-xp 00006000 08:01 5286                       /usr/lib/x86_64-linux-gnu/libpthread-2.31.so
7f1f421ba000-7f1f421c0000 r--p 00017000 08:01 5286                       /usr/lib/x86_64-linux-gnu/libpthread-2.31.so
7f1f421c0000-7f1f421c1000 r--p 0001c000 08:01 5286                       /usr/lib/x86_64-linux-gnu/libpthread-2.31.so
7f1f421c1000-7f1f421c2000 rw-p 0001d000 08:01 5286                       /usr/lib/x86_64-linux-gnu/libpthread-2.31.so
7f1f421c2000-7f1f421c6000 rw-p 00000000 00:00 0 
7f1f421c6000-7f1f421d5000 r-xp 00000000 08:01 264718                     /usr/lib/jvm/java-17-oracle/lib/libjli.so
7f1f421d5000-7f1f421d6000 r--p 0000e000 08:01 264718                     /usr/lib/jvm/java-17-oracle/lib/libjli.so
7f1f421d6000-7f1f421d7000 rw-p 0000f000 08:01 264718                     /usr/lib/jvm/java-17-oracle/lib/libjli.so
7f1f421d7000-7f1f421d9000 r--p 00000000 08:01 3827                       /usr/lib/x86_64-linux-gnu/libz.so.1.2.11
7f1f421d9000-7f1f421ea000 r-xp 00002000 08:01 3827                       /usr/lib/x86_64-linux-gnu/libz.so.1.2.11
7f1f421ea000-7f1f421f0000 r--p 00013000 08:01 3827                       /usr/lib/x86_64-linux-gnu/libz.so.1.2.11
7f1f421f0000-7f1f421f1000 ---p 00019000 08:01 3827                       /usr/lib/x86_64-linux-gnu/libz.so.1.2.11
7f1f421f1000-7f1f421f2000 r--p 00019000 08:01 3827                       /usr/lib/x86_64-linux-gnu/libz.so.1.2.11
7f1f421f2000-7f1f421f3000 rw-p 0001a000 08:01 3827                       /usr/lib/x86_64-linux-gnu/libz.so.1.2.11
7f1f421f3000-7f1f421f4000 r--p 00000000 08:01 6142                       /usr/lib/locale/C.UTF-8/LC_NAME
7f1f421f4000-7f1f421f5000 r--p 00000000 08:01 6136                       /usr/lib/locale/C.UTF-8/LC_ADDRESS
7f1f421f5000-7f1f421f6000 r--p 00000000 08:01 6145                       /usr/lib/locale/C.UTF-8/LC_TELEPHONE
7f1f421f6000-7f1f421f7000 r--p 00000000 08:01 6140                       /usr/lib/locale/C.UTF-8/LC_MEASUREMENT
7f1f421f7000-7f1f421f8000 r--p 00000000 08:01 6139                       /usr/lib/locale/C.UTF-8/LC_IDENTIFICATION
7f1f421f8000-7f1f421f9000 ---p 00000000 00:00 0 
7f1f421f9000-7f1f421fa000 r--p 00000000 00:00 0 
7f1f421fa000-7f1f421fc000 rw-p 00000000 00:00 0 
7f1f421fc000-7f1f421fd000 r--p 00000000 08:01 4720                       /usr/lib/x86_64-linux-gnu/ld-2.31.so
7f1f421fd000-7f1f42220000 r-xp 00001000 08:01 4720                       /usr/lib/x86_64-linux-gnu/ld-2.31.so
7f1f42220000-7f1f42228000 r--p 00024000 08:01 4720                       /usr/lib/x86_64-linux-gnu/ld-2.31.so
7f1f42228000-7f1f42229000 ---p 00000000 00:00 0 
7f1f42229000-7f1f4222a000 r--p 0002c000 08:01 4720                       /usr/lib/x86_64-linux-gnu/ld-2.31.so
7f1f4222a000-7f1f4222b000 rw-p 0002d000 08:01 4720                       /usr/lib/x86_64-linux-gnu/ld-2.31.so
7f1f4222b000-7f1f4222c000 rw-p 00000000 00:00 0 
7ffce6039000-7ffce605b000 rw-p 00000000 00:00 0                          [stack]
7ffce60a5000-7ffce60a9000 r--p 00000000 00:00 0                          [vvar]
7ffce60a9000-7ffce60ab000 r-xp 00000000 00:00 0                          [vdso]
ffffffffff600000-ffffffffff601000 --xp 00000000 00:00 0                  [vsyscall]


VM Arguments:
java_command: il.co.codeguru.corewars8086.CoreWarsEngine /home/yossimal/scc/SafesOnline/server/codes/compiled_safes/sJGaMcHGLLILHDbEaMIFabEaG /home/yossimal/scc/SafesOnline/server/codes/compiled_keys/kJGaMcKIGLILHDbEaMIFacDDI
java_class_path (initial): /home/yossimal/scc/SafesOnline/server/runner/corewars.jar
Launcher Type: SUN_STANDARD

[Global flags]
     intx CICompilerCount                          = 2                                         {product} {ergonomic}
     uint ConcGCThreads                            = 1                                         {product} {ergonomic}
     uint G1ConcRefinementThreads                  = 2                                         {product} {ergonomic}
   size_t G1HeapRegionSize                         = 1048576                                   {product} {ergonomic}
    uintx GCDrainStackTargetSize                   = 64                                        {product} {ergonomic}
   size_t InitialHeapSize                          = 132120576                                 {product} {ergonomic}
   size_t MarkStackSize                            = 4194304                                   {product} {ergonomic}
   size_t MaxHeapSize                              = 2084569088                                {product} {ergonomic}
   size_t MaxNewSize                               = 1249902592                                {product} {ergonomic}
   size_t MinHeapDeltaBytes                        = 1048576                                   {product} {ergonomic}
   size_t MinHeapSize                              = 8388608                                   {product} {ergonomic}
    uintx NonNMethodCodeHeapSize                   = 5826188                                {pd product} {ergonomic}
    uintx NonProfiledCodeHeapSize                  = 122916026                              {pd product} {ergonomic}
    uintx ProfiledCodeHeapSize                     = 122916026                              {pd product} {ergonomic}
    uintx ReservedCodeCacheSize                    = 251658240                              {pd product} {ergonomic}
     bool SegmentedCodeCache                       = true                                      {product} {ergonomic}
   size_t SoftMaxHeapSize                          = 2084569088                             {manageable} {ergonomic}
     bool UseCompressedClassPointers               = true                           {product lp64_product} {ergonomic}
     bool UseCompressedOops                        = true                           {product lp64_product} {ergonomic}
     bool UseG1GC                                  = true                                      {product} {ergonomic}

Logging:
Log output configuration:
 #0: stdout all=warning uptime,level,tags
 #1: stderr all=off uptime,level,tags

Environment Variables:
JAVA_HOME=/usr/lib/jvm/java-17-oracle
PATH=/usr/lib/node_modules/npm/node_modules/npm-lifecycle/node-gyp-bin:/home/yossimal/scc/SafesOnline/server/node_modules/.bin:/usr/local/sbin:/usr/local/bin:/usr/sbin:/usr/bin:/sbin:/bin:/usr/games:/usr/local/games:/snap/bin:/usr/lib/jvm/java-17-oracle/bin:/usr/lib/jvm/java-17-oracle/db/bin
SHELL=/bin/bash
LANG=C.UTF-8

Signal Handlers:
   SIGSEGV: crash_handler in libjvm.so, mask=11100100010111111101111111111110, flags=SA_RESTART|SA_SIGINFO
    SIGBUS: crash_handler in libjvm.so, mask=11100100010111111101111111111110, flags=SA_RESTART|SA_SIGINFO
    SIGFPE: crash_handler in libjvm.so, mask=11100100010111111101111111111110, flags=SA_RESTART|SA_SIGINFO
   SIGPIPE: javaSignalHandler in libjvm.so, mask=11100100010111111101111111111110, flags=SA_RESTART|SA_SIGINFO
   SIGXFSZ: javaSignalHandler in libjvm.so, mask=11100100010111111101111111111110, flags=SA_RESTART|SA_SIGINFO
    SIGILL: crash_handler in libjvm.so, mask=11100100010111111101111111111110, flags=SA_RESTART|SA_SIGINFO
   SIGUSR2: SR_handler in libjvm.so, mask=00000000000000000000000000000000, flags=SA_RESTART|SA_SIGINFO
    SIGHUP: UserHandler in libjvm.so, mask=11100100010111111101111111111110, flags=SA_RESTART|SA_SIGINFO
    SIGINT: UserHandler in libjvm.so, mask=11100100010111111101111111111110, flags=SA_RESTART|SA_SIGINFO
   SIGTERM: UserHandler in libjvm.so, mask=11100100010111111101111111111110, flags=SA_RESTART|SA_SIGINFO
   SIGQUIT: UserHandler in libjvm.so, mask=11100100010111111101111111111110, flags=SA_RESTART|SA_SIGINFO
   SIGTRAP: crash_handler in libjvm.so, mask=11100100010111111101111111111110, flags=SA_RESTART|SA_SIGINFO


---------------  S Y S T E M  ---------------

OS:
DISTRIB_ID=Ubuntu
DISTRIB_RELEASE=20.04
DISTRIB_CODENAME=focal
DISTRIB_DESCRIPTION="Ubuntu 20.04.5 LTS"
uname: Linux 5.15.0-1029-azure #36~20.04.1-Ubuntu SMP Tue Dec 6 17:00:26 UTC 2022 x86_64
OS uptime: 0 days 0:37 hours
libc: glibc 2.31 NPTL 2.31 
rlimit (soft/hard): STACK 8192k/infinity , CORE 0k/infinity , NPROC 31769/31769 , NOFILE 1048576/1048576 , AS infinity/infinity , CPU infinity/infinity , DATA infinity/infinity , FSIZE infinity/infinity , MEMLOCK 65536k/65536k
load average: 0.46 0.32 0.25

/proc/meminfo:
MemTotal:        8142140 kB
MemFree:         5976960 kB
MemAvailable:    6867700 kB
Buffers:           54460 kB
Cached:          1038932 kB
SwapCached:            0 kB
Active:           435884 kB
Inactive:        1501680 kB
Active(anon):        984 kB
Inactive(anon):   848224 kB
Active(file):     434900 kB
Inactive(file):   653456 kB
Unevictable:       21608 kB
Mlocked:           18536 kB
SwapTotal:             0 kB
SwapFree:              0 kB
Dirty:               192 kB
Writeback:             0 kB
AnonPages:        864324 kB
Mapped:           173584 kB
Shmem:              4064 kB
KReclaimable:      62628 kB
Slab:             106224 kB
SReclaimable:      62628 kB
SUnreclaim:        43596 kB
KernelStack:        3952 kB
PageTables:        11788 kB
NFS_Unstable:          0 kB
Bounce:                0 kB
WritebackTmp:          0 kB
CommitLimit:     4071068 kB
Committed_AS:    1729060 kB
VmallocTotal:   34359738367 kB
VmallocUsed:       32312 kB
VmallocChunk:          0 kB
Percpu:             1840 kB
HardwareCorrupted:     0 kB
AnonHugePages:    546816 kB
ShmemHugePages:        0 kB
ShmemPmdMapped:        0 kB
FileHugePages:         0 kB
FilePmdMapped:         0 kB
HugePages_Total:       0
HugePages_Free:        0
HugePages_Rsvd:        0
HugePages_Surp:        0
Hugepagesize:       2048 kB
Hugetlb:               0 kB
DirectMap4k:      105736 kB
DirectMap2M:     3039232 kB
DirectMap1G:     7340032 kB

/sys/kernel/mm/transparent_hugepage/enabled: [always] madvise never
/sys/kernel/mm/transparent_hugepage/defrag (defrag/compaction efforts parameter): always defer defer+madvise [madvise] never

Process Memory:
Virtual Size: 4625732K (peak: 4625732K)
Resident Set Size: 203508K (peak: 203508K) (anon: 176012K, file: 27496K, shmem: 0K)
Swapped out: 0K
C-Heap outstanding allocations: 7487K

/proc/sys/kernel/threads-max (system-wide limit on the number of threads): 63539
/proc/sys/vm/max_map_count (maximum number of memory map areas a process may have): 65530
/proc/sys/kernel/pid_max (system-wide limit on number of process identifiers): 4194304

container (cgroup) information:
container_type: cgroupv1
cpu_cpuset_cpus: 0-1
cpu_memory_nodes: 0
active_processor_count: 2
cpu_quota: no quota
cpu_period: 100000
cpu_shares: no shares
memory_limit_in_bytes: unlimited
memory_and_swap_limit_in_bytes: unlimited
memory_soft_limit_in_bytes: unlimited
memory_usage_in_bytes: 1186811904
memory_max_usage_in_bytes: 1555140608

Hyper-V virtualization detected
Steal ticks since vm start: 0
Steal ticks percentage since vm start:  0.000

CPU: total 2 (initial active 2) (2 cores per cpu, 1 threads per core) family 6 model 85 stepping 7 microcode 0xffffffff, cx8, cmov, fxsr, mmx, 3dnowpref, sse, sse2, sse3, ssse3, sse4.1, sse4.2, popcnt, lzcnt, tsc, avx, avx2, aes, erms, clmul, bmi1, bmi2, rtm, adx, avx512f, avx512dq, avx512cd, avx512bw, avx512vl, fma, vzeroupper, clflush, clflushopt, hv
CPU Model and flags from /proc/cpuinfo:
model name	: Intel(R) Xeon(R) Platinum 8272CL CPU @ 2.60GHz
flags		: fpu vme de pse tsc msr pae mce cx8 apic sep mtrr pge mca cmov pat pse36 clflush mmx fxsr sse sse2 ss ht syscall nx pdpe1gb rdtscp lm constant_tsc rep_good nopl xtopology cpuid pni pclmulqdq ssse3 fma cx16 pcid sse4_1 sse4_2 movbe popcnt aes xsave avx f16c rdrand hypervisor lahf_lm abm 3dnowprefetch invpcid_single pti fsgsbase bmi1 hle avx2 smep bmi2 erms invpcid rtm avx512f avx512dq rdseed adx smap clflushopt avx512cd avx512bw avx512vl xsaveopt xsavec xsaves md_clear

Online cpus: 0-1
Offline cpus: 
BIOS frequency limitation: <Not Available>
Frequency switch latency (ns): <Not Available>
Available cpu frequencies: <Not Available>
Current governor: <Not Available>
Core performance/turbo boost: <Not Available>

Memory: 4k page, physical 8142140k(5976960k free), swap 0k(0k free)
Page Sizes: 4k

vm_info: Java HotSpot(TM) 64-Bit Server VM (17.0.1+12-LTS-39) for linux-amd64 JRE (17.0.1+12-LTS-39), built on Sep 27 2021 17:33:53 by "mach5one" with gcc 10.3.0

END.
